<?xml version="1.0" encoding="UTF-8"?>
<testsuite xmlns:xsi="http://www.w3.org/2001/XMLSchema-instance" xsi:noNamespaceSchemaLocation="https://maven.apache.org/surefire/maven-surefire-plugin/xsd/surefire-test-report.xsd" version="3.0.2" name="com.nextalien.loans.LoansApplicationTests" time="3.721" tests="1" errors="0" skipped="0" failures="0">
  <properties>
[...]
</properties>
  <testcase name="contextLoads" classname="com.nextalien.loans.LoansApplicationTests" time="0.272">
    <system-out><![CDATA[Standard Commons Logging discovery in action with spring-jcl: please remove commons-logging.jar from classpath in order to avoid potential conflicts
21:09:22.833 [main] INFO org.springframework.test.context.support.AnnotationConfigContextLoaderUtils -- Could not detect default configuration classes for test class [com.nextalien.loans.LoansApplicationTests]: LoansApplicationTests does not declare any static, non-private, non-final, nested classes annotated with @Configuration.
21:09:22.884 [main] INFO org.springframework.boot.test.context.SpringBootTestContextBootstrapper -- Found @SpringBootConfiguration com.nextalien.loans.LoansApplication for test class com.nextalien.loans.LoansApplicationTests
21:09:23.040 [main] INFO org.springframework.boot.devtools.restart.RestartApplicationListener -- Restart disabled due to context in which it is running

  .   ____          _            __ _ _
 /\\ / ___'_ __ _ _(_)_ __  __ _ \ \ \ \
( ( )\___ | '_ | '_| | '_ \/ _` | \ \ \ \
 \\/  ___)| |_)| | | | | || (_| |  ) ) ) )
  '  |____| .__|_| |_|_| |_\__, | / / / /
 =========|_|==============|___/=/_/_/_/

 :: Spring Boot ::                (v3.4.1)

2025-10-13T21:09:23.357+05:30  INFO 16459 --- [loans] [           main] c.nextalien.loans.LoansApplicationTests  : Starting LoansApplicationTests using Java 17.0.16 with PID 16459 (started by patilpri in /Users/patilpri/sk/batch-4/microservices/story-3/spring-cloud-config/loans)
2025-10-13T21:09:23.358+05:30  INFO 16459 --- [loans] [           main] c.nextalien.loans.LoansApplicationTests  : The following 1 profile is active: "prod"
2025-10-13T21:09:23.372+05:30  INFO 16459 --- [loans] [           main] o.s.c.c.c.ConfigServerConfigDataLoader   : Fetching config from server at : http://localhost:8071/
2025-10-13T21:09:23.372+05:30  INFO 16459 --- [loans] [           main] o.s.c.c.c.ConfigServerConfigDataLoader   : Exception on Url - http://localhost:8071/:org.springframework.web.client.ResourceAccessException: I/O error on GET request for "http://localhost:8071/loans/default": Connection refused. Will be trying the next url if available
2025-10-13T21:09:23.372+05:30  WARN 16459 --- [loans] [           main] o.s.c.c.c.ConfigServerConfigDataLoader   : Could not locate PropertySource ([ConfigServerConfigDataResource@3419e23b uris = array<String>['http://localhost:8071/'], optional = true, profiles = 'default']): I/O error on GET request for "http://localhost:8071/loans/default": Connection refused
2025-10-13T21:09:23.372+05:30  INFO 16459 --- [loans] [           main] o.s.c.c.c.ConfigServerConfigDataLoader   : Fetching config from server at : http://localhost:8071/
2025-10-13T21:09:23.372+05:30  INFO 16459 --- [loans] [           main] o.s.c.c.c.ConfigServerConfigDataLoader   : Exception on Url - http://localhost:8071/:org.springframework.web.client.ResourceAccessException: I/O error on GET request for "http://localhost:8071/loans/prod": Connection refused. Will be trying the next url if available
2025-10-13T21:09:23.373+05:30  WARN 16459 --- [loans] [           main] o.s.c.c.c.ConfigServerConfigDataLoader   : Could not locate PropertySource ([ConfigServerConfigDataResource@62573c86 uris = array<String>['http://localhost:8071/'], optional = true, profiles = 'prod']): I/O error on GET request for "http://localhost:8071/loans/prod": Connection refused
2025-10-13T21:09:23.373+05:30  INFO 16459 --- [loans] [           main] o.s.c.c.c.ConfigServerConfigDataLoader   : Fetching config from server at : http://localhost:8071/
2025-10-13T21:09:23.373+05:30  INFO 16459 --- [loans] [           main] o.s.c.c.c.ConfigServerConfigDataLoader   : Exception on Url - http://localhost:8071/:org.springframework.web.client.ResourceAccessException: I/O error on GET request for "http://localhost:8071/loans/default": Connection refused. Will be trying the next url if available
2025-10-13T21:09:23.373+05:30  WARN 16459 --- [loans] [           main] o.s.c.c.c.ConfigServerConfigDataLoader   : Could not locate PropertySource ([ConfigServerConfigDataResource@2418ba04 uris = array<String>['http://localhost:8071/'], optional = true, profiles = 'default']): I/O error on GET request for "http://localhost:8071/loans/default": Connection refused
2025-10-13T21:09:23.895+05:30  INFO 16459 --- [loans] [           main] .s.d.r.c.RepositoryConfigurationDelegate : Bootstrapping Spring Data JPA repositories in DEFAULT mode.
2025-10-13T21:09:23.959+05:30  INFO 16459 --- [loans] [           main] .s.d.r.c.RepositoryConfigurationDelegate : Finished Spring Data repository scanning in 59 ms. Found 1 JPA repository interface.
2025-10-13T21:09:24.015+05:30  INFO 16459 --- [loans] [           main] faultConfiguringBeanFactoryPostProcessor : No bean named 'errorChannel' has been explicitly defined. Therefore, a default PublishSubscribeChannel will be created.
2025-10-13T21:09:24.018+05:30  INFO 16459 --- [loans] [           main] faultConfiguringBeanFactoryPostProcessor : No bean named 'integrationHeaderChannelRegistry' has been explicitly defined. Therefore, a default DefaultHeaderChannelRegistry will be created.
2025-10-13T21:09:24.062+05:30  INFO 16459 --- [loans] [           main] o.s.cloud.context.scope.GenericScope     : BeanFactory id=9bf600ca-6ae6-325f-a498-78296adfae8a
2025-10-13T21:09:24.276+05:30  INFO 16459 --- [loans] [           main] com.zaxxer.hikari.HikariDataSource       : HikariPool-1 - Starting...
2025-10-13T21:09:24.351+05:30  INFO 16459 --- [loans] [           main] com.zaxxer.hikari.pool.HikariPool        : HikariPool-1 - Added connection conn0: url=jdbc:h2:mem:testdb user=SA
2025-10-13T21:09:24.352+05:30  INFO 16459 --- [loans] [           main] com.zaxxer.hikari.HikariDataSource       : HikariPool-1 - Start completed.
2025-10-13T21:09:24.404+05:30  INFO 16459 --- [loans] [           main] o.hibernate.jpa.internal.util.LogHelper  : HHH000204: Processing PersistenceUnitInfo [name: default]
2025-10-13T21:09:24.431+05:30  INFO 16459 --- [loans] [           main] org.hibernate.Version                    : HHH000412: Hibernate ORM core version 6.6.4.Final
2025-10-13T21:09:24.447+05:30  INFO 16459 --- [loans] [           main] o.h.c.internal.RegionFactoryInitiator    : HHH000026: Second-level cache disabled
2025-10-13T21:09:24.553+05:30  INFO 16459 --- [loans] [           main] o.s.o.j.p.SpringPersistenceUnitInfo      : No LoadTimeWeaver setup: ignoring JPA class transformer
2025-10-13T21:09:24.581+05:30  WARN 16459 --- [loans] [           main] org.hibernate.orm.deprecation            : HHH90000025: H2Dialect does not need to be specified explicitly using 'hibernate.dialect' (remove the property setting and it will be selected by default)
2025-10-13T21:09:24.590+05:30  INFO 16459 --- [loans] [           main] org.hibernate.orm.connections.pooling    : HHH10001005: Database info:
	Database JDBC URL [Connecting through datasource 'HikariDataSource (HikariPool-1)']
	Database driver: undefined/unknown
	Database version: 2.3.232
	Autocommit mode: undefined/unknown
	Isolation level: undefined/unknown
	Minimum pool size: undefined/unknown
	Maximum pool size: undefined/unknown
2025-10-13T21:09:24.970+05:30  INFO 16459 --- [loans] [           main] o.h.e.t.j.p.i.JtaPlatformInitiator       : HHH000489: No JTA platform available (set 'hibernate.transaction.jta.platform' to enable JTA platform integration)
Hibernate: alter table if exists loans alter column loan_id set data type bigint
Hibernate: alter table if exists loans alter column created_at set data type timestamp(6)
Hibernate: alter table if exists loans alter column created_by set data type varchar(255)
Hibernate: alter table if exists loans alter column updated_at set data type timestamp(6)
Hibernate: alter table if exists loans alter column updated_by set data type varchar(255)
Hibernate: alter table if exists loans alter column loan_number set data type varchar(255)
Hibernate: alter table if exists loans alter column loan_type set data type varchar(255)
Hibernate: alter table if exists loans alter column mobile_number set data type varchar(255)
2025-10-13T21:09:24.998+05:30  INFO 16459 --- [loans] [           main] j.LocalContainerEntityManagerFactoryBean : Initialized JPA EntityManagerFactory for persistence unit 'default'
2025-10-13T21:09:25.347+05:30  WARN 16459 --- [loans] [           main] JpaBaseConfiguration$JpaWebConfiguration : spring.jpa.open-in-view is enabled by default. Therefore, database queries may be performed during view rendering. Explicitly configure spring.jpa.open-in-view to disable this warning
2025-10-13T21:09:25.866+05:30  INFO 16459 --- [loans] [           main] o.s.c.s.m.DirectWithAttributesChannel    : Channel 'loans.springCloudBusInput' has 1 subscriber(s).
2025-10-13T21:09:25.940+05:30  INFO 16459 --- [loans] [           main] o.s.b.a.h2.H2ConsoleAutoConfiguration    : H2 console available at '/h2-console'. Database available at 'jdbc:h2:mem:testdb'
2025-10-13T21:09:25.975+05:30  INFO 16459 --- [loans] [           main] o.s.b.a.e.web.EndpointLinksResolver      : Exposing 23 endpoints beneath base path '/actuator'
2025-10-13T21:09:26.039+05:30  INFO 16459 --- [loans] [           main] o.s.i.endpoint.EventDrivenConsumer       : Adding {logging-channel-adapter:_org.springframework.integration.errorLogger} as a subscriber to the 'errorChannel' channel
2025-10-13T21:09:26.040+05:30  INFO 16459 --- [loans] [           main] o.s.i.channel.PublishSubscribeChannel    : Channel 'loans.errorChannel' has 1 subscriber(s).
2025-10-13T21:09:26.040+05:30  INFO 16459 --- [loans] [           main] o.s.i.endpoint.EventDrivenConsumer       : started bean '_org.springframework.integration.errorLogger'
2025-10-13T21:09:26.057+05:30  INFO 16459 --- [loans] [           main] o.s.c.s.binder.DefaultBinderFactory      : Creating binder: rabbit
2025-10-13T21:09:26.058+05:30  INFO 16459 --- [loans] [           main] o.s.c.s.binder.DefaultBinderFactory      : Constructing binder child context for rabbit
2025-10-13T21:09:26.100+05:30  INFO 16459 --- [loans] [           main] o.s.c.s.binder.DefaultBinderFactory      : Caching the binder: rabbit
2025-10-13T21:09:26.123+05:30  INFO 16459 --- [loans] [           main] c.s.b.r.p.RabbitExchangeQueueProvisioner : declaring queue for inbound: springCloudBus.anonymous.GoJv8JW6RROL2gaW8eL-Vw, bound to: springCloudBus
2025-10-13T21:09:26.125+05:30  INFO 16459 --- [loans] [           main] o.s.a.r.c.CachingConnectionFactory       : Attempting to connect to: [localhost:5672]
2025-10-13T21:09:26.128+05:30  INFO 16459 --- [loans] [           main] o.s.a.r.c.CachingConnectionFactory       : Attempting to connect to: [localhost:5672]
2025-10-13T21:09:26.129+05:30  INFO 16459 --- [loans] [           main] o.s.a.r.c.CachingConnectionFactory       : Attempting to connect to: [localhost:5672]
2025-10-13T21:09:26.136+05:30  INFO 16459 --- [loans] [           main] o.s.c.stream.binder.BinderErrorChannel   : Channel 'rabbit-864667293.springCloudBusInput.errors' has 1 subscriber(s).
2025-10-13T21:09:26.137+05:30  INFO 16459 --- [loans] [           main] o.s.c.stream.binder.BinderErrorChannel   : Channel 'rabbit-864667293.springCloudBusInput.errors' has 2 subscriber(s).
2025-10-13T21:09:26.137+05:30  INFO 16459 --- [loans] [           main] o.s.a.r.c.CachingConnectionFactory       : Attempting to connect to: [localhost:5672]
2025-10-13T21:09:26.138+05:30  INFO 16459 --- [loans] [           main] o.s.a.r.l.SimpleMessageListenerContainer : Broker not available; cannot force queue declarations during start: java.net.ConnectException: Connection refused
2025-10-13T21:09:26.141+05:30  INFO 16459 --- [loans] [ROL2gaW8eL-Vw-1] o.s.a.r.c.CachingConnectionFactory       : Attempting to connect to: [localhost:5672]
2025-10-13T21:09:26.141+05:30  INFO 16459 --- [loans] [           main] o.s.i.a.i.AmqpInboundChannelAdapter      : started bean 'inbound.springCloudBus.anonymous.GoJv8JW6RROL2gaW8eL-Vw'
2025-10-13T21:09:26.173+05:30  INFO 16459 --- [loans] [           main] c.nextalien.loans.LoansApplicationTests  : Started LoansApplicationTests in 3.138 seconds (process running for 3.723)
]]></system-out>
  </testcase>
</testsuite>